<?xml version="1.0" ?>
<coverage version="5.1" timestamp="1603649832799" lines-valid="15" lines-covered="7" line-rate="0.4667" branches-covered="0" branches-valid="0" branch-rate="0" complexity="0">
	<!-- Generated by coverage.py: https://coverage.readthedocs.io -->
	<!-- Based on https://raw.githubusercontent.com/cobertura/web/master/htdocs/xml/coverage-04.dtd -->
	<sources>
		<source>/home/kevin/shared/sandboxes/xfiles/wagtailexternallinks</source>
	</sources>
	<packages>
		<package name="wagtail_external_links" line-rate="1" branch-rate="0" complexity="0">
			<classes>
				<class name="__init__.py" filename="wagtail_external_links/__init__.py" complexity="0" line-rate="1" branch-rate="0">
					<methods/>
					<lines/>
				</class>
				<class name="wagtail_hooks.py" filename="wagtail_external_links/wagtail_hooks.py" complexity="0" line-rate="1" branch-rate="0">
					<methods/>
					<lines/>
				</class>
			</classes>
		</package>
		<package name="wagtail_external_links.templatetags" line-rate="0.4667" branch-rate="0" complexity="0">
			<classes>
				<class name="wagtail_external_link_tags.py" filename="wagtail_external_links/templatetags/wagtail_external_link_tags.py" complexity="0" line-rate="0.4667" branch-rate="0">
					<methods/>
					<lines>
						<line number="1" hits="1"/>
						<line number="3" hits="1"/>
						<line number="4" hits="1"/>
						<line number="6" hits="1"/>
						<line number="9" hits="1"/>
						<line number="24" hits="1"/>
						<line number="25" hits="1"/>
						<line number="39" hits="0"/>
						<line number="40" hits="0"/>
						<line number="41" hits="0"/>
						<line number="43" hits="0"/>
						<line number="46" hits="0"/>
						<line number="47" hits="0"/>
						<line number="48" hits="0"/>
						<line number="50" hits="0"/>
					</lines>
				</class>
			</classes>
		</package>
	</packages>
</coverage>
